Arguments: 
  /Users/yuyasatake/.nodebrew/node/v16.14.0/bin/node /Users/yuyasatake/.nodebrew/current/bin/yarn init

PATH: 
  /Users/yuyasatake/.nodebrew/current/bin:/anaconda3/bin:/usr/local/bin:/usr/bin:/bin:/usr/sbin:/sbin:/Library/TeX/texbin:/opt/X11/bin:/Users/yuyasatake/.nodebrew/current/bin:/Users/yuyasatake/opt/anaconda3/bin:/Users/yuyasatake/opt/anaconda3/condabin:/anaconda3/bin

Yarn version: 
  1.22.17

Node version: 
  16.14.0

Platform: 
  darwin x64

Trace: 
  Error: canceled
      at Interface.<anonymous> (/Users/yuyasatake/.nodebrew/node/v16.14.0/lib/node_modules/yarn/lib/cli.js:137143:13)
      at Interface.emit (node:events:520:28)
      at Interface._ttyWrite (node:readline:1081:16)
      at ReadStream.onkeypress (node:readline:288:10)
      at ReadStream.emit (node:events:520:28)
      at emitKeys (node:internal/readline/utils:358:14)
      at emitKeys.next (<anonymous>)
      at ReadStream.onData (node:internal/readline/emitKeypressEvents:61:36)
      at ReadStream.emit (node:events:520:28)
      at addChunk (node:internal/streams/readable:315:12)

npm manifest: 
  No manifest

yarn manifest: 
  No manifest

Lockfile: 
  No lockfile
